This is pdfTeX, Version 3.1415926-1.40.10 (TeX Live 2009/Debian) (format=pdflatex 2011.12.22)  13 JUL 2012 17:07
entering extended mode
 %&-line parsing enabled.
**proyecto.tex
(./proyecto.tex
LaTeX2e <2009/09/24>
Babel <v3.8l> and hyphenation patterns for english, usenglishmax, dumylang, noh
yphenation, loaded.
(/usr/share/texmf-texlive/tex/latex/base/book.cls
Document Class: book 2007/10/19 v1.4h Standard LaTeX document class
(/usr/share/texmf-texlive/tex/latex/base/bk10.clo
File: bk10.clo 2007/10/19 v1.4h Standard LaTeX file (size option)
)
\c@part=\count79
\c@chapter=\count80
\c@section=\count81
\c@subsection=\count82
\c@subsubsection=\count83
\c@paragraph=\count84
\c@subparagraph=\count85
\c@figure=\count86
\c@table=\count87
\abovecaptionskip=\skip41
\belowcaptionskip=\skip42
\bibindent=\dimen102
)
(/usr/share/texmf-texlive/tex/latex/base/inputenc.sty
Package: inputenc 2008/03/30 v1.1d Input encoding file
\inpenc@prehook=\toks14
\inpenc@posthook=\toks15

(/usr/share/texmf-texlive/tex/latex/ucs/utf8x.def
File: utf8x.def 2004/10/17 UCS: Input encoding UTF-8
))
(/usr/share/texmf-texlive/tex/latex/ucs/ucs.sty
Package: ucs 2004/10/17 UCS: Unicode input support

(/usr/share/texmf-texlive/tex/latex/ucs/data/uni-global.def
File: uni-global.def 2004/10/17 UCS: Unicode global data
)
\uc@secondtry=\count88
\uc@combtoks=\toks16
\uc@combtoksb=\toks17
\uc@temptokena=\toks18
)
(/usr/share/texmf-texlive/tex/latex/natbib/natbib.sty
Package: natbib 2009/07/16 8.31 (PWD, AO)
\bibhang=\skip43
\bibsep=\skip44
LaTeX Info: Redefining \cite on input line 694.
\c@NAT@ctr=\count89
) (./proyecto.aux)
\openout1 = `proyecto.aux'.

LaTeX Font Info:    Checking defaults for OML/cmm/m/it on input line 6.
LaTeX Font Info:    ... okay on input line 6.
LaTeX Font Info:    Checking defaults for T1/cmr/m/n on input line 6.
LaTeX Font Info:    ... okay on input line 6.
LaTeX Font Info:    Checking defaults for OT1/cmr/m/n on input line 6.
LaTeX Font Info:    ... okay on input line 6.
LaTeX Font Info:    Checking defaults for OMS/cmsy/m/n on input line 6.
LaTeX Font Info:    ... okay on input line 6.
LaTeX Font Info:    Checking defaults for OMX/cmex/m/n on input line 6.
LaTeX Font Info:    ... okay on input line 6.
LaTeX Font Info:    Checking defaults for U/cmr/m/n on input line 6.
LaTeX Font Info:    ... okay on input line 6.

(/usr/share/texmf-texlive/tex/latex/ucs/ucsencs.def
File: ucsencs.def 2003/11/29 Fixes to fontencodings LGR, T3
)
Chapter 1.
(./introduction.tex [1


{/var/lib/texmf/fonts/map/pdftex/updmap/pdftex.map}]
LaTeX Font Info:    Try loading font information for OMS+cmr on input line 25.

(/usr/share/texmf-texlive/tex/latex/base/omscmr.fd
File: omscmr.fd 1999/05/25 v2.5h Standard LaTeX font definitions
)
LaTeX Font Info:    Font shape `OMS/cmr/m/n' in size <10> not available
(Font)              Font shape `OMS/cmsy/m/n' tried instead on input line 25.
 [2]) [3] [4

]
Chapter 2.
(./algorithms.tex

Package natbib Warning: Citation `Zhao2003' on page 5 undefined on input line 1
2.


Package natbib Warning: Citation `Zhao2003a' on page 5 undefined on input line 
13.


Package natbib Warning: Citation `Weiss2002' on page 5 undefined on input line 
13.


Package natbib Warning: Citation `Suh2011' on page 5 undefined on input line 18
.


Package natbib Warning: Citation `Wu2010' on page 5 undefined on input line 18.


) [5] (./proyecto.bbl [6])

Package natbib Warning: There were undefined citations.

[7

] (./proyecto.aux) ) 
Here is how much of TeX's memory you used:
 879 strings out of 495061
 12102 string characters out of 1182620
 72556 words of memory out of 3000000
 4102 multiletter control sequences out of 15000+50000
 7069 words of font info for 25 fonts, out of 3000000 for 9000
 28 hyphenation exceptions out of 8191
 23i,4n,20p,969b,190s stack positions out of 5000i,500n,10000p,200000b,50000s
</usr/share/texmf-texlive/fonts/type1/public/amsfonts/cm/cm
bx10.pfb></usr/share/texmf-texlive/fonts/type1/public/amsfonts/cm/cmbx12.pfb></
usr/share/texmf-texlive/fonts/type1/public/amsfonts/cm/cmr10.pfb></usr/share/te
xmf-texlive/fonts/type1/public/amsfonts/cm/cmsl10.pfb></usr/share/texmf-texlive
/fonts/type1/public/amsfonts/cm/cmsy10.pfb></usr/share/texmf-texlive/fonts/type
1/public/amsfonts/cm/cmti10.pfb>
Output written on proyecto.pdf (7 pages, 100895 bytes).
PDF statistics:
 50 PDF objects out of 1000 (max. 8388607)
 0 named destinations out of 1000 (max. 500000)
 1 words of extra memory for PDF output out of 10000 (max. 10000000)

